2023-09-05 09:30:31.571 INFO  DeferredLog.logTo - Devtools property defaults active! Set 'spring.devtools.add-properties' to 'false' to disable
2023-09-05 09:30:31.595 INFO  DeferredLog.logTo - For additional web related logging consider setting the 'logging.level.web' property to 'DEBUG'
2023-09-05 09:30:33.487 INFO  RepositoryConfigurationDelegate.registerRepositoriesIn - Bootstrapping Spring Data JPA repositories in DEFAULT mode.
2023-09-05 09:30:33.589 INFO  RepositoryConfigurationDelegate.registerRepositoriesIn - Finished Spring Data repository scanning in 84 ms. Found 2 JPA repository interfaces.
2023-09-05 09:30:34.741 INFO  TomcatWebServer.initialize - Tomcat initialized with port(s): 8081 (http)
2023-09-05 09:30:34.757 INFO  DirectJDKLog.log - Initializing ProtocolHandler ["http-nio-8081"]
2023-09-05 09:30:34.758 INFO  DirectJDKLog.log - Starting service [Tomcat]
2023-09-05 09:30:34.759 INFO  DirectJDKLog.log - Starting Servlet engine: [Apache Tomcat/10.1.8]
2023-09-05 09:30:35.016 INFO  DirectJDKLog.log - At least one JAR was scanned for TLDs yet contained no TLDs. Enable debug logging for this logger for a complete list of JARs that were scanned but no TLDs were found in them. Skipping unneeded JARs during scanning can improve startup time and JSP compilation time.
2023-09-05 09:30:35.024 INFO  DirectJDKLog.log - Initializing Spring embedded WebApplicationContext
2023-09-05 09:30:35.027 INFO  ServletWebServerApplicationContext.prepareWebApplicationContext - Root WebApplicationContext: initialization completed in 3417 ms
2023-09-05 09:30:36.286 INFO  SpringPersistenceUnitInfo.addTransformer - No LoadTimeWeaver setup: ignoring JPA class transformer
2023-09-05 09:30:36.332 INFO  HikariDataSource.getConnection - HikariPool-1 - Starting...
2023-09-05 09:30:36.935 INFO  HikariPool.checkFailFast - HikariPool-1 - Added connection org.postgresql.jdbc.PgConnection@58cc936b
2023-09-05 09:30:36.938 INFO  HikariDataSource.getConnection - HikariPool-1 - Start completed.
2023-09-05 09:30:38.710 INFO  AbstractEntityManagerFactoryBean.buildNativeEntityManagerFactory - Initialized JPA EntityManagerFactory for persistence unit 'default'
2023-09-05 09:30:39.252 WARN  JpaBaseConfiguration$JpaWebConfiguration.openEntityManagerInViewInterceptor - spring.jpa.open-in-view is enabled by default. Therefore, database queries may be performed during view rendering. Explicitly configure spring.jpa.open-in-view to disable this warning
2023-09-05 09:30:39.857 INFO  OptionalLiveReloadServer.startServer - LiveReload server is running on port 35729
2023-09-05 09:30:39.874 INFO  EndpointLinksResolver.<init> - Exposing 1 endpoint(s) beneath base path '/actuator'
2023-09-05 09:30:40.013 INFO  DirectJDKLog.log - Starting ProtocolHandler ["http-nio-8081"]
2023-09-05 09:30:40.152 INFO  TomcatWebServer.start - Tomcat started on port(s): 8081 (http) with context path ''
2023-09-05 09:31:10.252 INFO  DirectJDKLog.log - Initializing Spring DispatcherServlet 'dispatcherServlet'
2023-09-05 09:31:10.253 INFO  FrameworkServlet.initServletBean - Initializing Servlet 'dispatcherServlet'
2023-09-05 09:31:10.255 INFO  FrameworkServlet.initServletBean - Completed initialization in 2 ms
2023-09-05 09:43:13.449 INFO  AbstractEntityManagerFactoryBean.destroy - Closing JPA EntityManagerFactory for persistence unit 'default'
2023-09-05 09:43:13.455 INFO  HikariDataSource.close - HikariPool-1 - Shutdown initiated...
2023-09-05 09:43:13.477 INFO  HikariDataSource.close - HikariPool-1 - Shutdown completed.
2023-09-05 09:43:42.091 INFO  AnnotationConfigContextLoaderUtils.detectDefaultConfigurationClasses - Could not detect default configuration classes for test class [com.vivek.managment.ManagmentApplicationTests]: ManagmentApplicationTests does not declare any static, non-private, non-final, nested classes annotated with @Configuration.
2023-09-05 09:43:42.319 INFO  SpringBootTestContextBootstrapper.getOrFindConfigurationClasses - Found @SpringBootConfiguration com.vivek.managment.ManagmentApplication for test class com.vivek.managment.ManagmentApplicationTests
2023-09-05 09:43:44.613 INFO  RepositoryConfigurationDelegate.registerRepositoriesIn - Bootstrapping Spring Data JPA repositories in DEFAULT mode.
2023-09-05 09:43:44.729 INFO  RepositoryConfigurationDelegate.registerRepositoriesIn - Finished Spring Data repository scanning in 94 ms. Found 2 JPA repository interfaces.
2023-09-05 09:43:46.272 INFO  SpringPersistenceUnitInfo.addTransformer - No LoadTimeWeaver setup: ignoring JPA class transformer
2023-09-05 09:43:46.339 INFO  HikariDataSource.getConnection - HikariPool-1 - Starting...
2023-09-05 09:43:46.697 INFO  HikariPool.checkFailFast - HikariPool-1 - Added connection org.postgresql.jdbc.PgConnection@56c6d515
2023-09-05 09:43:46.699 INFO  HikariDataSource.getConnection - HikariPool-1 - Start completed.
2023-09-05 09:43:48.309 INFO  AbstractEntityManagerFactoryBean.buildNativeEntityManagerFactory - Initialized JPA EntityManagerFactory for persistence unit 'default'
2023-09-05 09:43:48.981 WARN  JpaBaseConfiguration$JpaWebConfiguration.openEntityManagerInViewInterceptor - spring.jpa.open-in-view is enabled by default. Therefore, database queries may be performed during view rendering. Explicitly configure spring.jpa.open-in-view to disable this warning
2023-09-05 09:43:49.827 INFO  EndpointLinksResolver.<init> - Exposing 1 endpoint(s) beneath base path '/actuator'
2023-09-05 09:43:50.758 INFO  AbstractEntityManagerFactoryBean.destroy - Closing JPA EntityManagerFactory for persistence unit 'default'
2023-09-05 09:43:50.761 INFO  HikariDataSource.close - HikariPool-1 - Shutdown initiated...
2023-09-05 09:43:50.775 INFO  HikariDataSource.close - HikariPool-1 - Shutdown completed.
2023-09-05 09:44:49.848 INFO  AnnotationConfigContextLoaderUtils.detectDefaultConfigurationClasses - Could not detect default configuration classes for test class [com.vivek.managment.ManagmentApplicationTests]: ManagmentApplicationTests does not declare any static, non-private, non-final, nested classes annotated with @Configuration.
2023-09-05 09:44:49.979 INFO  SpringBootTestContextBootstrapper.getOrFindConfigurationClasses - Found @SpringBootConfiguration com.vivek.managment.ManagmentApplication for test class com.vivek.managment.ManagmentApplicationTests
2023-09-05 09:44:52.377 INFO  RepositoryConfigurationDelegate.registerRepositoriesIn - Bootstrapping Spring Data JPA repositories in DEFAULT mode.
2023-09-05 09:44:52.492 INFO  RepositoryConfigurationDelegate.registerRepositoriesIn - Finished Spring Data repository scanning in 99 ms. Found 2 JPA repository interfaces.
2023-09-05 09:44:54.161 INFO  SpringPersistenceUnitInfo.addTransformer - No LoadTimeWeaver setup: ignoring JPA class transformer
2023-09-05 09:44:54.195 INFO  HikariDataSource.getConnection - HikariPool-1 - Starting...
2023-09-05 09:44:54.669 INFO  HikariPool.checkFailFast - HikariPool-1 - Added connection org.postgresql.jdbc.PgConnection@3a3316b6
2023-09-05 09:44:54.673 INFO  HikariDataSource.getConnection - HikariPool-1 - Start completed.
2023-09-05 09:44:56.284 INFO  AbstractEntityManagerFactoryBean.buildNativeEntityManagerFactory - Initialized JPA EntityManagerFactory for persistence unit 'default'
2023-09-05 09:44:57.031 WARN  JpaBaseConfiguration$JpaWebConfiguration.openEntityManagerInViewInterceptor - spring.jpa.open-in-view is enabled by default. Therefore, database queries may be performed during view rendering. Explicitly configure spring.jpa.open-in-view to disable this warning
2023-09-05 09:44:57.859 INFO  EndpointLinksResolver.<init> - Exposing 1 endpoint(s) beneath base path '/actuator'
2023-09-05 09:44:58.788 INFO  AbstractEntityManagerFactoryBean.destroy - Closing JPA EntityManagerFactory for persistence unit 'default'
2023-09-05 09:44:58.794 INFO  HikariDataSource.close - HikariPool-1 - Shutdown initiated...
2023-09-05 09:44:58.816 INFO  HikariDataSource.close - HikariPool-1 - Shutdown completed.
2023-09-05 09:45:47.799 INFO  DeferredLog.logTo - Devtools property defaults active! Set 'spring.devtools.add-properties' to 'false' to disable
2023-09-05 09:45:47.806 INFO  DeferredLog.logTo - For additional web related logging consider setting the 'logging.level.web' property to 'DEBUG'
2023-09-05 09:45:49.178 INFO  RepositoryConfigurationDelegate.registerRepositoriesIn - Bootstrapping Spring Data JPA repositories in DEFAULT mode.
2023-09-05 09:45:49.260 INFO  RepositoryConfigurationDelegate.registerRepositoriesIn - Finished Spring Data repository scanning in 72 ms. Found 2 JPA repository interfaces.
2023-09-05 09:45:50.264 INFO  TomcatWebServer.initialize - Tomcat initialized with port(s): 8081 (http)
2023-09-05 09:45:50.278 INFO  DirectJDKLog.log - Initializing ProtocolHandler ["http-nio-8081"]
2023-09-05 09:45:50.279 INFO  DirectJDKLog.log - Starting service [Tomcat]
2023-09-05 09:45:50.279 INFO  DirectJDKLog.log - Starting Servlet engine: [Apache Tomcat/10.1.8]
2023-09-05 09:45:50.495 INFO  DirectJDKLog.log - At least one JAR was scanned for TLDs yet contained no TLDs. Enable debug logging for this logger for a complete list of JARs that were scanned but no TLDs were found in them. Skipping unneeded JARs during scanning can improve startup time and JSP compilation time.
2023-09-05 09:45:50.504 INFO  DirectJDKLog.log - Initializing Spring embedded WebApplicationContext
2023-09-05 09:45:50.506 INFO  ServletWebServerApplicationContext.prepareWebApplicationContext - Root WebApplicationContext: initialization completed in 2696 ms
2023-09-05 09:45:51.322 INFO  SpringPersistenceUnitInfo.addTransformer - No LoadTimeWeaver setup: ignoring JPA class transformer
2023-09-05 09:45:51.351 INFO  HikariDataSource.getConnection - HikariPool-1 - Starting...
2023-09-05 09:45:51.728 INFO  HikariPool.checkFailFast - HikariPool-1 - Added connection org.postgresql.jdbc.PgConnection@41aac92d
2023-09-05 09:45:51.737 INFO  HikariDataSource.getConnection - HikariPool-1 - Start completed.
2023-09-05 09:45:53.371 INFO  AbstractEntityManagerFactoryBean.buildNativeEntityManagerFactory - Initialized JPA EntityManagerFactory for persistence unit 'default'
2023-09-05 09:45:53.877 WARN  JpaBaseConfiguration$JpaWebConfiguration.openEntityManagerInViewInterceptor - spring.jpa.open-in-view is enabled by default. Therefore, database queries may be performed during view rendering. Explicitly configure spring.jpa.open-in-view to disable this warning
2023-09-05 09:45:54.462 INFO  OptionalLiveReloadServer.startServer - LiveReload server is running on port 35729
2023-09-05 09:45:54.472 INFO  EndpointLinksResolver.<init> - Exposing 1 endpoint(s) beneath base path '/actuator'
2023-09-05 09:45:54.615 INFO  TomcatWebServer.start - Tomcat started on port(s): 8081 (http) with context path ''
2023-09-05 09:45:54.665 INFO  AbstractEntityManagerFactoryBean.destroy - Closing JPA EntityManagerFactory for persistence unit 'default'
2023-09-05 09:45:54.674 INFO  HikariDataSource.close - HikariPool-1 - Shutdown initiated...
2023-09-05 09:45:54.694 INFO  HikariDataSource.close - HikariPool-1 - Shutdown completed.
